<?xml version="1.0" encoding="UTF-8"?>
<!-- Generated by org.testng.reporters.JUnitXMLReporter -->
<testsuite ignored="0" hostname="LTIN509704" failures="0" tests="10" name="ChromeTest" time="43.997" errors="0" timestamp="2024-10-24T12:06:48 IST">
  <testcase classname="trivago.HotelBookingDetails" name="capturePage" time="0.325"/>
  <testcase classname="trivago.HotelBookingDetails" name="verifyTitle" time="0.012"/>
  <testcase classname="trivago.HotelBookingDetails" name="scrollByPixels" time="2.021"/>
  <testcase classname="trivago.HotelBookingDetails" name="testUsingExcelData" time="5.141"/>
  <testcase classname="trivago.HotelBookingDetails" name="selectDate" time="4.225"/>
  <testcase classname="trivago.HotelBookingDetails" name="selectGuests" time="4.266"/>
  <testcase classname="trivago.HotelBookingDetails" name="searchHotels" time="5.063"/>
  <testcase classname="trivago.HotelBookingDetails" name="sortHotelsByRating" time="2.321"/>
  <testcase classname="trivago.HotelBookingDetails" name="testScrollByPixels" time="6.055"/>
  <testcase classname="trivago.HotelBookingDetails" name="verifyHotelNamesAndPrices" time="0.12"/>
</testsuite> <!-- ChromeTest -->
