<?xml version="1.0" encoding="UTF-8"?>
<!-- Generated by org.testng.reporters.JUnitXMLReporter -->
<testsuite ignored="0" hostname="LTIN509704" failures="0" tests="10" name="EdgeTest" time="67.868" errors="0" timestamp="2024-10-24T12:07:55 IST">
  <testcase classname="trivago.HotelBookingDetails" name="capturePage" time="0.34"/>
  <testcase classname="trivago.HotelBookingDetails" name="verifyTitle" time="0.01"/>
  <testcase classname="trivago.HotelBookingDetails" name="scrollByPixels" time="2.016"/>
  <testcase classname="trivago.HotelBookingDetails" name="testUsingExcelData" time="4.239"/>
  <testcase classname="trivago.HotelBookingDetails" name="selectDate" time="4.203"/>
  <testcase classname="trivago.HotelBookingDetails" name="selectGuests" time="4.213"/>
  <testcase classname="trivago.HotelBookingDetails" name="searchHotels" time="5.065"/>
  <testcase classname="trivago.HotelBookingDetails" name="sortHotelsByRating" time="2.183"/>
  <testcase classname="trivago.HotelBookingDetails" name="testScrollByPixels" time="6.487"/>
  <testcase classname="trivago.HotelBookingDetails" name="verifyHotelNamesAndPrices" time="1.369"/>
</testsuite> <!-- EdgeTest -->
