<?xml version="1.0" encoding="UTF-8"?>
<testng-results ignored="0" total="20" passed="20" failed="0" skipped="0">
  <reporter-output>
  </reporter-output>
  <suite started-at="2024-10-24T12:06:04 IST" name="Suite" finished-at="2024-10-24T12:07:55 IST" duration-ms="111911">
    <groups>
    </groups>
    <test started-at="2024-10-24T12:06:04 IST" name="ChromeTest" finished-at="2024-10-24T12:06:48 IST" duration-ms="43997">
      <class name="trivago.HotelBookingDetails">
        <test-method is-config="true" signature="setUp(java.lang.String)[pri:0, instance:trivago.HotelBookingDetails@5b239d7d]" started-at="2024-10-24T12:06:04 IST" name="setUp" finished-at="2024-10-24T12:06:14 IST" duration-ms="10584" status="PASS">
          <params>
            <param index="0">
              <value>
                <![CDATA[chrome]]>
              </value>
            </param>
          </params>
          <reporter-output>
          </reporter-output>
        </test-method> <!-- setUp -->
        <test-method signature="capturePage()[pri:0, instance:trivago.HotelBookingDetails@5b239d7d]" started-at="2024-10-24T12:06:14 IST" name="capturePage" finished-at="2024-10-24T12:06:15 IST" duration-ms="325" status="PASS">
          <reporter-output>
          </reporter-output>
        </test-method> <!-- capturePage -->
        <test-method signature="verifyTitle()[pri:0, instance:trivago.HotelBookingDetails@5b239d7d]" started-at="2024-10-24T12:06:15 IST" name="verifyTitle" finished-at="2024-10-24T12:06:15 IST" duration-ms="12" status="PASS">
          <reporter-output>
          </reporter-output>
        </test-method> <!-- verifyTitle -->
        <test-method signature="scrollByPixels()[pri:1, instance:trivago.HotelBookingDetails@5b239d7d]" started-at="2024-10-24T12:06:15 IST" name="scrollByPixels" finished-at="2024-10-24T12:06:17 IST" duration-ms="2021" status="PASS">
          <reporter-output>
          </reporter-output>
        </test-method> <!-- scrollByPixels -->
        <test-method signature="testUsingExcelData()[pri:1, instance:trivago.HotelBookingDetails@5b239d7d]" started-at="2024-10-24T12:06:17 IST" name="testUsingExcelData" finished-at="2024-10-24T12:06:22 IST" duration-ms="5141" status="PASS">
          <reporter-output>
          </reporter-output>
        </test-method> <!-- testUsingExcelData -->
        <test-method signature="selectDate()[pri:2, instance:trivago.HotelBookingDetails@5b239d7d]" started-at="2024-10-24T12:06:22 IST" name="selectDate" finished-at="2024-10-24T12:06:26 IST" duration-ms="4225" status="PASS">
          <reporter-output>
          </reporter-output>
        </test-method> <!-- selectDate -->
        <test-method signature="selectGuests()[pri:3, instance:trivago.HotelBookingDetails@5b239d7d]" started-at="2024-10-24T12:06:26 IST" name="selectGuests" finished-at="2024-10-24T12:06:30 IST" duration-ms="4266" status="PASS">
          <reporter-output>
          </reporter-output>
        </test-method> <!-- selectGuests -->
        <test-method signature="searchHotels()[pri:4, instance:trivago.HotelBookingDetails@5b239d7d]" started-at="2024-10-24T12:06:30 IST" name="searchHotels" finished-at="2024-10-24T12:06:35 IST" duration-ms="5063" status="PASS">
          <reporter-output>
          </reporter-output>
        </test-method> <!-- searchHotels -->
        <test-method signature="sortHotelsByRating()[pri:5, instance:trivago.HotelBookingDetails@5b239d7d]" started-at="2024-10-24T12:06:35 IST" name="sortHotelsByRating" finished-at="2024-10-24T12:06:38 IST" duration-ms="2321" status="PASS">
          <reporter-output>
          </reporter-output>
        </test-method> <!-- sortHotelsByRating -->
        <test-method signature="testScrollByPixels()[pri:6, instance:trivago.HotelBookingDetails@5b239d7d]" started-at="2024-10-24T12:06:38 IST" name="testScrollByPixels" finished-at="2024-10-24T12:06:44 IST" depends-on-methods="trivago.HotelBookingDetails.sortHotelsByRating" duration-ms="6055" status="PASS">
          <reporter-output>
          </reporter-output>
        </test-method> <!-- testScrollByPixels -->
        <test-method signature="verifyHotelNamesAndPrices()[pri:7, instance:trivago.HotelBookingDetails@5b239d7d]" started-at="2024-10-24T12:06:44 IST" name="verifyHotelNamesAndPrices" finished-at="2024-10-24T12:06:44 IST" duration-ms="120" status="PASS">
          <reporter-output>
          </reporter-output>
        </test-method> <!-- verifyHotelNamesAndPrices -->
        <test-method is-config="true" signature="tearDown()[pri:0, instance:trivago.HotelBookingDetails@5b239d7d]" started-at="2024-10-24T12:06:44 IST" name="tearDown" finished-at="2024-10-24T12:06:48 IST" duration-ms="3816" status="PASS">
          <reporter-output>
          </reporter-output>
        </test-method> <!-- tearDown -->
      </class> <!-- trivago.HotelBookingDetails -->
    </test> <!-- ChromeTest -->
    <test started-at="2024-10-24T12:06:48 IST" name="EdgeTest" finished-at="2024-10-24T12:07:55 IST" duration-ms="67868">
      <class name="trivago.HotelBookingDetails">
        <test-method is-config="true" signature="setUp(java.lang.String)[pri:0, instance:trivago.HotelBookingDetails@130d63be]" started-at="2024-10-24T12:06:48 IST" name="setUp" finished-at="2024-10-24T12:07:21 IST" duration-ms="33212" status="PASS">
          <params>
            <param index="0">
              <value>
                <![CDATA[edge]]>
              </value>
            </param>
          </params>
          <reporter-output>
          </reporter-output>
        </test-method> <!-- setUp -->
        <test-method signature="capturePage()[pri:0, instance:trivago.HotelBookingDetails@130d63be]" started-at="2024-10-24T12:07:21 IST" name="capturePage" finished-at="2024-10-24T12:07:21 IST" duration-ms="340" status="PASS">
          <reporter-output>
          </reporter-output>
        </test-method> <!-- capturePage -->
        <test-method signature="verifyTitle()[pri:0, instance:trivago.HotelBookingDetails@130d63be]" started-at="2024-10-24T12:07:21 IST" name="verifyTitle" finished-at="2024-10-24T12:07:21 IST" duration-ms="10" status="PASS">
          <reporter-output>
          </reporter-output>
        </test-method> <!-- verifyTitle -->
        <test-method signature="scrollByPixels()[pri:1, instance:trivago.HotelBookingDetails@130d63be]" started-at="2024-10-24T12:07:21 IST" name="scrollByPixels" finished-at="2024-10-24T12:07:23 IST" duration-ms="2016" status="PASS">
          <reporter-output>
          </reporter-output>
        </test-method> <!-- scrollByPixels -->
        <test-method signature="testUsingExcelData()[pri:1, instance:trivago.HotelBookingDetails@130d63be]" started-at="2024-10-24T12:07:23 IST" name="testUsingExcelData" finished-at="2024-10-24T12:07:27 IST" duration-ms="4239" status="PASS">
          <reporter-output>
          </reporter-output>
        </test-method> <!-- testUsingExcelData -->
        <test-method signature="selectDate()[pri:2, instance:trivago.HotelBookingDetails@130d63be]" started-at="2024-10-24T12:07:27 IST" name="selectDate" finished-at="2024-10-24T12:07:32 IST" duration-ms="4203" status="PASS">
          <reporter-output>
          </reporter-output>
        </test-method> <!-- selectDate -->
        <test-method signature="selectGuests()[pri:3, instance:trivago.HotelBookingDetails@130d63be]" started-at="2024-10-24T12:07:32 IST" name="selectGuests" finished-at="2024-10-24T12:07:36 IST" duration-ms="4213" status="PASS">
          <reporter-output>
          </reporter-output>
        </test-method> <!-- selectGuests -->
        <test-method signature="searchHotels()[pri:4, instance:trivago.HotelBookingDetails@130d63be]" started-at="2024-10-24T12:07:36 IST" name="searchHotels" finished-at="2024-10-24T12:07:41 IST" duration-ms="5065" status="PASS">
          <reporter-output>
          </reporter-output>
        </test-method> <!-- searchHotels -->
        <test-method signature="sortHotelsByRating()[pri:5, instance:trivago.HotelBookingDetails@130d63be]" started-at="2024-10-24T12:07:41 IST" name="sortHotelsByRating" finished-at="2024-10-24T12:07:43 IST" duration-ms="2183" status="PASS">
          <reporter-output>
          </reporter-output>
        </test-method> <!-- sortHotelsByRating -->
        <test-method signature="testScrollByPixels()[pri:6, instance:trivago.HotelBookingDetails@130d63be]" started-at="2024-10-24T12:07:43 IST" name="testScrollByPixels" finished-at="2024-10-24T12:07:50 IST" depends-on-methods="trivago.HotelBookingDetails.sortHotelsByRating" duration-ms="6487" status="PASS">
          <reporter-output>
          </reporter-output>
        </test-method> <!-- testScrollByPixels -->
        <test-method signature="verifyHotelNamesAndPrices()[pri:7, instance:trivago.HotelBookingDetails@130d63be]" started-at="2024-10-24T12:07:50 IST" name="verifyHotelNamesAndPrices" finished-at="2024-10-24T12:07:51 IST" duration-ms="1369" status="PASS">
          <reporter-output>
          </reporter-output>
        </test-method> <!-- verifyHotelNamesAndPrices -->
        <test-method is-config="true" signature="tearDown()[pri:0, instance:trivago.HotelBookingDetails@130d63be]" started-at="2024-10-24T12:07:51 IST" name="tearDown" finished-at="2024-10-24T12:07:55 IST" duration-ms="4514" status="PASS">
          <reporter-output>
          </reporter-output>
        </test-method> <!-- tearDown -->
      </class> <!-- trivago.HotelBookingDetails -->
    </test> <!-- EdgeTest -->
  </suite> <!-- Suite -->
</testng-results>
